2020/05/18 13:35:03 [error] [php] Undefined index: callback (/home/rintik/Documents/work/testing/yii_restapi/protected/controllers/SiteController.php:137)
Stack trace:
#0 /home/rintik/Documents/work/testing/yii_api/framework/web/CController.php(308): CInlineAction->runWithParams()
#1 /home/rintik/Documents/work/testing/yii_api/framework/web/CController.php(286): SiteController->runAction()
#2 /home/rintik/Documents/work/testing/yii_api/framework/web/CController.php(265): SiteController->runActionWithFilters()
#3 /home/rintik/Documents/work/testing/yii_api/framework/web/CWebApplication.php(282): SiteController->run()
#4 /home/rintik/Documents/work/testing/yii_api/framework/web/CWebApplication.php(141): CWebApplication->runController()
#5 /home/rintik/Documents/work/testing/yii_api/framework/base/CApplication.php(185): CWebApplication->processRequest()
#6 /home/rintik/Documents/work/testing/yii_restapi/index.php(13): CWebApplication->run()
REQUEST_URI=/testing/yii_restapi/index.php?r=site/Userdata
in /home/rintik/Documents/work/testing/yii_restapi/protected/controllers/SiteController.php (137)
in /home/rintik/Documents/work/testing/yii_restapi/protected/controllers/SiteController.php (117)
in /home/rintik/Documents/work/testing/yii_restapi/index.php (13)
2020/05/18 13:35:45 [error] [php] Undefined index: callback (/home/rintik/Documents/work/testing/yii_restapi/protected/controllers/SiteController.php:137)
Stack trace:
#0 /home/rintik/Documents/work/testing/yii_api/framework/web/CController.php(308): CInlineAction->runWithParams()
#1 /home/rintik/Documents/work/testing/yii_api/framework/web/CController.php(286): SiteController->runAction()
#2 /home/rintik/Documents/work/testing/yii_api/framework/web/CController.php(265): SiteController->runActionWithFilters()
#3 /home/rintik/Documents/work/testing/yii_api/framework/web/CWebApplication.php(282): SiteController->run()
#4 /home/rintik/Documents/work/testing/yii_api/framework/web/CWebApplication.php(141): CWebApplication->runController()
#5 /home/rintik/Documents/work/testing/yii_api/framework/base/CApplication.php(185): CWebApplication->processRequest()
#6 /home/rintik/Documents/work/testing/yii_restapi/index.php(13): CWebApplication->run()
REQUEST_URI=/testing/yii_restapi/index.php?r=site/Userdata
in /home/rintik/Documents/work/testing/yii_restapi/protected/controllers/SiteController.php (137)
in /home/rintik/Documents/work/testing/yii_restapi/protected/controllers/SiteController.php (117)
in /home/rintik/Documents/work/testing/yii_restapi/index.php (13)
2020/05/18 13:36:03 [error] [php] Undefined index: callback (/home/rintik/Documents/work/testing/yii_restapi/protected/controllers/SiteController.php:137)
Stack trace:
#0 /home/rintik/Documents/work/testing/yii_api/framework/web/CController.php(308): CInlineAction->runWithParams()
#1 /home/rintik/Documents/work/testing/yii_api/framework/web/CController.php(286): SiteController->runAction()
#2 /home/rintik/Documents/work/testing/yii_api/framework/web/CController.php(265): SiteController->runActionWithFilters()
#3 /home/rintik/Documents/work/testing/yii_api/framework/web/CWebApplication.php(282): SiteController->run()
#4 /home/rintik/Documents/work/testing/yii_api/framework/web/CWebApplication.php(141): CWebApplication->runController()
#5 /home/rintik/Documents/work/testing/yii_api/framework/base/CApplication.php(185): CWebApplication->processRequest()
#6 /home/rintik/Documents/work/testing/yii_restapi/index.php(13): CWebApplication->run()
REQUEST_URI=/testing/yii_restapi/index.php?r=site/Userdata
in /home/rintik/Documents/work/testing/yii_restapi/protected/controllers/SiteController.php (137)
in /home/rintik/Documents/work/testing/yii_restapi/protected/controllers/SiteController.php (117)
in /home/rintik/Documents/work/testing/yii_restapi/index.php (13)
2020/05/18 13:36:12 [error] [php] Undefined index: callback (/home/rintik/Documents/work/testing/yii_restapi/protected/controllers/SiteController.php:137)
Stack trace:
#0 /home/rintik/Documents/work/testing/yii_api/framework/web/CController.php(308): CInlineAction->runWithParams()
#1 /home/rintik/Documents/work/testing/yii_api/framework/web/CController.php(286): SiteController->runAction()
#2 /home/rintik/Documents/work/testing/yii_api/framework/web/CController.php(265): SiteController->runActionWithFilters()
#3 /home/rintik/Documents/work/testing/yii_api/framework/web/CWebApplication.php(282): SiteController->run()
#4 /home/rintik/Documents/work/testing/yii_api/framework/web/CWebApplication.php(141): CWebApplication->runController()
#5 /home/rintik/Documents/work/testing/yii_api/framework/base/CApplication.php(185): CWebApplication->processRequest()
#6 /home/rintik/Documents/work/testing/yii_restapi/index.php(13): CWebApplication->run()
REQUEST_URI=/testing/yii_restapi/index.php?r=site/Userdata
in /home/rintik/Documents/work/testing/yii_restapi/protected/controllers/SiteController.php (137)
in /home/rintik/Documents/work/testing/yii_restapi/protected/controllers/SiteController.php (117)
in /home/rintik/Documents/work/testing/yii_restapi/index.php (13)
2020/05/18 13:36:38 [error] [php] Undefined index: callback (/home/rintik/Documents/work/testing/yii_restapi/protected/controllers/SiteController.php:137)
Stack trace:
#0 /home/rintik/Documents/work/testing/yii_api/framework/web/CController.php(308): CInlineAction->runWithParams()
#1 /home/rintik/Documents/work/testing/yii_api/framework/web/CController.php(286): SiteController->runAction()
#2 /home/rintik/Documents/work/testing/yii_api/framework/web/CController.php(265): SiteController->runActionWithFilters()
#3 /home/rintik/Documents/work/testing/yii_api/framework/web/CWebApplication.php(282): SiteController->run()
#4 /home/rintik/Documents/work/testing/yii_api/framework/web/CWebApplication.php(141): CWebApplication->runController()
#5 /home/rintik/Documents/work/testing/yii_api/framework/base/CApplication.php(185): CWebApplication->processRequest()
#6 /home/rintik/Documents/work/testing/yii_restapi/index.php(13): CWebApplication->run()
REQUEST_URI=/testing/yii_restapi/index.php?r=site/Userdata
in /home/rintik/Documents/work/testing/yii_restapi/protected/controllers/SiteController.php (137)
in /home/rintik/Documents/work/testing/yii_restapi/protected/controllers/SiteController.php (117)
in /home/rintik/Documents/work/testing/yii_restapi/index.php (13)
2020/05/18 13:36:43 [error] [php] Undefined index: callback (/home/rintik/Documents/work/testing/yii_restapi/protected/controllers/SiteController.php:137)
Stack trace:
#0 /home/rintik/Documents/work/testing/yii_api/framework/web/CController.php(308): CInlineAction->runWithParams()
#1 /home/rintik/Documents/work/testing/yii_api/framework/web/CController.php(286): SiteController->runAction()
#2 /home/rintik/Documents/work/testing/yii_api/framework/web/CController.php(265): SiteController->runActionWithFilters()
#3 /home/rintik/Documents/work/testing/yii_api/framework/web/CWebApplication.php(282): SiteController->run()
#4 /home/rintik/Documents/work/testing/yii_api/framework/web/CWebApplication.php(141): CWebApplication->runController()
#5 /home/rintik/Documents/work/testing/yii_api/framework/base/CApplication.php(185): CWebApplication->processRequest()
#6 /home/rintik/Documents/work/testing/yii_restapi/index.php(13): CWebApplication->run()
REQUEST_URI=/testing/yii_restapi/index.php?r=site/userdata
in /home/rintik/Documents/work/testing/yii_restapi/protected/controllers/SiteController.php (137)
in /home/rintik/Documents/work/testing/yii_restapi/protected/controllers/SiteController.php (117)
in /home/rintik/Documents/work/testing/yii_restapi/index.php (13)
2020/05/18 13:49:24 [error] [exception.CHttpException.404] CHttpException: The system is unable to find the requested action "index". in /home/rintik/Documents/work/testing/yii_api/framework/web/CController.php:486
Stack trace:
#0 /home/rintik/Documents/work/testing/yii_api/framework/web/CController.php(270): CController->missingAction('')
#1 /home/rintik/Documents/work/testing/yii_api/framework/web/CWebApplication.php(282): CController->run('')
#2 /home/rintik/Documents/work/testing/yii_api/framework/web/CWebApplication.php(141): CWebApplication->runController('api')
#3 /home/rintik/Documents/work/testing/yii_api/framework/base/CApplication.php(185): CWebApplication->processRequest()
#4 /home/rintik/Documents/work/testing/yii_restapi/index.php(13): CApplication->run()
#5 {main}
REQUEST_URI=/testing/yii_restapi/index.php/api
---
2020/05/19 14:15:59 [error] [php] Undefined index: model (/home/rintik/Documents/work/testing/yii_restapi/protected/controllers/ApiController.php:28)
Stack trace:
#0 /home/rintik/Documents/work/testing/yii_api/framework/web/CController.php(286): ApiController->runAction()
#1 /home/rintik/Documents/work/testing/yii_api/framework/web/CController.php(265): ApiController->runActionWithFilters()
#2 /home/rintik/Documents/work/testing/yii_api/framework/web/CWebApplication.php(282): ApiController->run()
#3 /home/rintik/Documents/work/testing/yii_api/framework/web/CWebApplication.php(141): CWebApplication->runController()
#4 /home/rintik/Documents/work/testing/yii_api/framework/base/CApplication.php(185): CWebApplication->processRequest()
#5 /home/rintik/Documents/work/testing/yii_restapi/index.php(13): CWebApplication->run()
REQUEST_URI=/testing/yii_restapi/index.php/api/list/1
in /home/rintik/Documents/work/testing/yii_restapi/protected/controllers/ApiController.php (28)
in /home/rintik/Documents/work/testing/yii_restapi/index.php (13)
2020/05/19 14:16:17 [error] [php] Undefined index: model (/home/rintik/Documents/work/testing/yii_restapi/protected/controllers/ApiController.php:28)
Stack trace:
#0 /home/rintik/Documents/work/testing/yii_api/framework/web/CController.php(286): ApiController->runAction()
#1 /home/rintik/Documents/work/testing/yii_api/framework/web/CController.php(265): ApiController->runActionWithFilters()
#2 /home/rintik/Documents/work/testing/yii_api/framework/web/CWebApplication.php(282): ApiController->run()
#3 /home/rintik/Documents/work/testing/yii_api/framework/web/CWebApplication.php(141): CWebApplication->runController()
#4 /home/rintik/Documents/work/testing/yii_api/framework/base/CApplication.php(185): CWebApplication->processRequest()
#5 /home/rintik/Documents/work/testing/yii_restapi/index.php(13): CWebApplication->run()
REQUEST_URI=/testing/yii_restapi/index.php/api/list/1
in /home/rintik/Documents/work/testing/yii_restapi/protected/controllers/ApiController.php (28)
in /home/rintik/Documents/work/testing/yii_restapi/index.php (13)
2020/05/19 14:17:55 [error] [php] include(Pengguna.php): failed to open stream: No such file or directory (/home/rintik/Documents/work/testing/yii_api/framework/YiiBase.php:463)
Stack trace:
#0 /home/rintik/Documents/work/testing/yii_restapi/protected/controllers/ApiController.php(31): spl_autoload_call()
#1 /home/rintik/Documents/work/testing/yii_api/framework/web/actions/CInlineAction.php(49): ApiController->actionList()
#2 /home/rintik/Documents/work/testing/yii_api/framework/web/CController.php(308): CInlineAction->runWithParams()
#3 /home/rintik/Documents/work/testing/yii_api/framework/web/CController.php(286): ApiController->runAction()
#4 /home/rintik/Documents/work/testing/yii_api/framework/web/CController.php(265): ApiController->runActionWithFilters()
#5 /home/rintik/Documents/work/testing/yii_api/framework/web/CWebApplication.php(282): ApiController->run()
#6 /home/rintik/Documents/work/testing/yii_api/framework/web/CWebApplication.php(141): CWebApplication->runController()
#7 /home/rintik/Documents/work/testing/yii_api/framework/base/CApplication.php(185): CWebApplication->processRequest()
#8 /home/rintik/Documents/work/testing/yii_restapi/index.php(13): CWebApplication->run()
REQUEST_URI=/testing/yii_restapi/index.php/api/posts
in /home/rintik/Documents/work/testing/yii_restapi/protected/controllers/ApiController.php (31)
in /home/rintik/Documents/work/testing/yii_restapi/index.php (13)
2020/05/19 14:18:51 [error] [php] include(Pengguna.php): failed to open stream: No such file or directory (/home/rintik/Documents/work/testing/yii_api/framework/YiiBase.php:463)
Stack trace:
#0 /home/rintik/Documents/work/testing/yii_restapi/protected/controllers/ApiController.php(31): spl_autoload_call()
#1 /home/rintik/Documents/work/testing/yii_api/framework/web/actions/CInlineAction.php(49): ApiController->actionList()
#2 /home/rintik/Documents/work/testing/yii_api/framework/web/CController.php(308): CInlineAction->runWithParams()
#3 /home/rintik/Documents/work/testing/yii_api/framework/web/CController.php(286): ApiController->runAction()
#4 /home/rintik/Documents/work/testing/yii_api/framework/web/CController.php(265): ApiController->runActionWithFilters()
#5 /home/rintik/Documents/work/testing/yii_api/framework/web/CWebApplication.php(282): ApiController->run()
#6 /home/rintik/Documents/work/testing/yii_api/framework/web/CWebApplication.php(141): CWebApplication->runController()
#7 /home/rintik/Documents/work/testing/yii_api/framework/base/CApplication.php(185): CWebApplication->processRequest()
#8 /home/rintik/Documents/work/testing/yii_restapi/index.php(13): CWebApplication->run()
REQUEST_URI=/testing/yii_restapi/index.php/api/pengguna
in /home/rintik/Documents/work/testing/yii_restapi/protected/controllers/ApiController.php (31)
in /home/rintik/Documents/work/testing/yii_restapi/index.php (13)
2020/05/19 14:21:51 [error] [exception.CDbException] CDbException: CDbConnection failed to open the DB connection: could not find driver in /home/rintik/Documents/work/testing/yii_api/framework/db/CDbConnection.php:399
Stack trace:
#0 /home/rintik/Documents/work/testing/yii_api/framework/db/CDbConnection.php(347): CDbConnection->open()
#1 /home/rintik/Documents/work/testing/yii_api/framework/db/CDbConnection.php(325): CDbConnection->setActive(true)
#2 /home/rintik/Documents/work/testing/yii_api/framework/base/CModule.php(394): CDbConnection->init()
#3 /home/rintik/Documents/work/testing/yii_api/framework/base/CModule.php(103): CModule->getComponent('db')
#4 /home/rintik/Documents/work/testing/yii_api/framework/gii/generators/model/ModelCode.php(60): CModule->__get('db')
#5 /home/rintik/Documents/work/testing/yii_api/framework/web/CFormModel.php(39): ModelCode->init()
#6 /home/rintik/Documents/work/testing/yii_api/framework/gii/CCodeGenerator.php(153): CFormModel->__construct()
#7 /home/rintik/Documents/work/testing/yii_api/framework/gii/CCodeGenerator.php(63): CCodeGenerator->prepare()
#8 /home/rintik/Documents/work/testing/yii_api/framework/web/actions/CInlineAction.php(49): CCodeGenerator->actionIndex()
#9 /home/rintik/Documents/work/testing/yii_api/framework/web/CController.php(308): CInlineAction->runWithParams(Array)
#10 /home/rintik/Documents/work/testing/yii_api/framework/web/CController.php(286): CController->runAction(Object(CInlineAction))
#11 /home/rintik/Documents/work/testing/yii_api/framework/web/CController.php(265): CController->runActionWithFilters(Object(CInlineAction), Array)
#12 /home/rintik/Documents/work/testing/yii_api/framework/web/CWebApplication.php(282): CController->run('index')
#13 /home/rintik/Documents/work/testing/yii_api/framework/web/CWebApplication.php(141): CWebApplication->runController('gii/model/index')
#14 /home/rintik/Documents/work/testing/yii_api/framework/base/CApplication.php(185): CWebApplication->processRequest()
#15 /home/rintik/Documents/work/testing/yii_restapi/index.php(13): CApplication->run()
#16 {main}
REQUEST_URI=/testing/yii_restapi/index.php/gii/model/index
HTTP_REFERER=http://localhost/testing/yii_restapi/index.php/gii/default/index
---
2020/05/19 14:23:25 [error] [php] include(Pengguna.php): failed to open stream: No such file or directory (/home/rintik/Documents/work/testing/yii_api/framework/YiiBase.php:463)
Stack trace:
#0 /home/rintik/Documents/work/testing/yii_restapi/protected/controllers/ApiController.php(31): spl_autoload_call()
#1 /home/rintik/Documents/work/testing/yii_api/framework/web/actions/CInlineAction.php(49): ApiController->actionList()
#2 /home/rintik/Documents/work/testing/yii_api/framework/web/CController.php(308): CInlineAction->runWithParams()
#3 /home/rintik/Documents/work/testing/yii_api/framework/web/CController.php(286): ApiController->runAction()
#4 /home/rintik/Documents/work/testing/yii_api/framework/web/CController.php(265): ApiController->runActionWithFilters()
#5 /home/rintik/Documents/work/testing/yii_api/framework/web/CWebApplication.php(282): ApiController->run()
#6 /home/rintik/Documents/work/testing/yii_api/framework/web/CWebApplication.php(141): CWebApplication->runController()
#7 /home/rintik/Documents/work/testing/yii_api/framework/base/CApplication.php(185): CWebApplication->processRequest()
#8 /home/rintik/Documents/work/testing/yii_restapi/index.php(13): CWebApplication->run()
REQUEST_URI=/testing/yii_restapi/index.php/api/pengguna
in /home/rintik/Documents/work/testing/yii_restapi/protected/controllers/ApiController.php (31)
in /home/rintik/Documents/work/testing/yii_restapi/index.php (13)
2020/05/19 14:26:15 [error] [exception.CHttpException.404] CHttpException: The system is unable to find the requested action "pengguna". in /home/rintik/Documents/work/testing/yii_api/framework/web/CController.php:486
Stack trace:
#0 /home/rintik/Documents/work/testing/yii_api/framework/web/CController.php(270): CController->missingAction('pengguna')
#1 /home/rintik/Documents/work/testing/yii_api/framework/web/CWebApplication.php(282): CController->run('pengguna')
#2 /home/rintik/Documents/work/testing/yii_api/framework/web/CWebApplication.php(141): CWebApplication->runController('api/pengguna')
#3 /home/rintik/Documents/work/testing/yii_api/framework/base/CApplication.php(185): CWebApplication->processRequest()
#4 /home/rintik/Documents/work/testing/yii_restapi/index.php(13): CApplication->run()
#5 {main}
REQUEST_URI=/testing/yii_restapi/index.php/api/pengguna/1
---
2020/05/19 14:26:41 [error] [php] Undefined index: model (/home/rintik/Documents/work/testing/yii_restapi/protected/controllers/ApiController.php:67)
Stack trace:
#0 /home/rintik/Documents/work/testing/yii_api/framework/web/CController.php(286): ApiController->runAction()
#1 /home/rintik/Documents/work/testing/yii_api/framework/web/CController.php(265): ApiController->runActionWithFilters()
#2 /home/rintik/Documents/work/testing/yii_api/framework/web/CWebApplication.php(282): ApiController->run()
#3 /home/rintik/Documents/work/testing/yii_api/framework/web/CWebApplication.php(141): CWebApplication->runController()
#4 /home/rintik/Documents/work/testing/yii_api/framework/base/CApplication.php(185): CWebApplication->processRequest()
#5 /home/rintik/Documents/work/testing/yii_restapi/index.php(13): CWebApplication->run()
REQUEST_URI=/testing/yii_restapi/index.php/api/view/1
in /home/rintik/Documents/work/testing/yii_restapi/protected/controllers/ApiController.php (67)
in /home/rintik/Documents/work/testing/yii_restapi/index.php (13)
2020/05/19 14:26:59 [error] [exception.CHttpException.404] CHttpException: The system is unable to find the requested action "pengguna". in /home/rintik/Documents/work/testing/yii_api/framework/web/CController.php:486
Stack trace:
#0 /home/rintik/Documents/work/testing/yii_api/framework/web/CController.php(270): CController->missingAction('pengguna')
#1 /home/rintik/Documents/work/testing/yii_api/framework/web/CWebApplication.php(282): CController->run('pengguna')
#2 /home/rintik/Documents/work/testing/yii_api/framework/web/CWebApplication.php(141): CWebApplication->runController('api/pengguna')
#3 /home/rintik/Documents/work/testing/yii_api/framework/base/CApplication.php(185): CWebApplication->processRequest()
#4 /home/rintik/Documents/work/testing/yii_restapi/index.php(13): CApplication->run()
#5 {main}
REQUEST_URI=/testing/yii_restapi/index.php/api/pengguna/1
---
2020/05/19 14:27:16 [error] [exception.CHttpException.404] CHttpException: The system is unable to find the requested action "pengguna". in /home/rintik/Documents/work/testing/yii_api/framework/web/CController.php:486
Stack trace:
#0 /home/rintik/Documents/work/testing/yii_api/framework/web/CController.php(270): CController->missingAction('pengguna')
#1 /home/rintik/Documents/work/testing/yii_api/framework/web/CWebApplication.php(282): CController->run('pengguna')
#2 /home/rintik/Documents/work/testing/yii_api/framework/web/CWebApplication.php(141): CWebApplication->runController('api/pengguna')
#3 /home/rintik/Documents/work/testing/yii_api/framework/base/CApplication.php(185): CWebApplication->processRequest()
#4 /home/rintik/Documents/work/testing/yii_restapi/index.php(13): CApplication->run()
#5 {main}
REQUEST_URI=/testing/yii_restapi/index.php/api/pengguna/1
---
2020/05/19 14:27:52 [error] [exception.CHttpException.404] CHttpException: The system is unable to find the requested action "pengguna". in /home/rintik/Documents/work/testing/yii_api/framework/web/CController.php:486
Stack trace:
#0 /home/rintik/Documents/work/testing/yii_api/framework/web/CController.php(270): CController->missingAction('pengguna')
#1 /home/rintik/Documents/work/testing/yii_api/framework/web/CWebApplication.php(282): CController->run('pengguna')
#2 /home/rintik/Documents/work/testing/yii_api/framework/web/CWebApplication.php(141): CWebApplication->runController('api/pengguna')
#3 /home/rintik/Documents/work/testing/yii_api/framework/base/CApplication.php(185): CWebApplication->processRequest()
#4 /home/rintik/Documents/work/testing/yii_restapi/index.php(13): CApplication->run()
#5 {main}
REQUEST_URI=/testing/yii_restapi/index.php/api/pengguna/1
---
2020/05/19 14:27:57 [error] [exception.CHttpException.404] CHttpException: The system is unable to find the requested action "pengguna". in /home/rintik/Documents/work/testing/yii_api/framework/web/CController.php:486
Stack trace:
#0 /home/rintik/Documents/work/testing/yii_api/framework/web/CController.php(270): CController->missingAction('pengguna')
#1 /home/rintik/Documents/work/testing/yii_api/framework/web/CWebApplication.php(282): CController->run('pengguna')
#2 /home/rintik/Documents/work/testing/yii_api/framework/web/CWebApplication.php(141): CWebApplication->runController('api/pengguna')
#3 /home/rintik/Documents/work/testing/yii_api/framework/base/CApplication.php(185): CWebApplication->processRequest()
#4 /home/rintik/Documents/work/testing/yii_restapi/index.php(13): CApplication->run()
#5 {main}
REQUEST_URI=/testing/yii_restapi/index.php/api/pengguna/1
---
2020/05/19 14:27:58 [error] [exception.CHttpException.404] CHttpException: The system is unable to find the requested action "pengguna". in /home/rintik/Documents/work/testing/yii_api/framework/web/CController.php:486
Stack trace:
#0 /home/rintik/Documents/work/testing/yii_api/framework/web/CController.php(270): CController->missingAction('pengguna')
#1 /home/rintik/Documents/work/testing/yii_api/framework/web/CWebApplication.php(282): CController->run('pengguna')
#2 /home/rintik/Documents/work/testing/yii_api/framework/web/CWebApplication.php(141): CWebApplication->runController('api/pengguna')
#3 /home/rintik/Documents/work/testing/yii_api/framework/base/CApplication.php(185): CWebApplication->processRequest()
#4 /home/rintik/Documents/work/testing/yii_restapi/index.php(13): CApplication->run()
#5 {main}
REQUEST_URI=/testing/yii_restapi/index.php/api/pengguna/1
---
2020/05/19 14:27:58 [error] [exception.CHttpException.404] CHttpException: The system is unable to find the requested action "pengguna". in /home/rintik/Documents/work/testing/yii_api/framework/web/CController.php:486
Stack trace:
#0 /home/rintik/Documents/work/testing/yii_api/framework/web/CController.php(270): CController->missingAction('pengguna')
#1 /home/rintik/Documents/work/testing/yii_api/framework/web/CWebApplication.php(282): CController->run('pengguna')
#2 /home/rintik/Documents/work/testing/yii_api/framework/web/CWebApplication.php(141): CWebApplication->runController('api/pengguna')
#3 /home/rintik/Documents/work/testing/yii_api/framework/base/CApplication.php(185): CWebApplication->processRequest()
#4 /home/rintik/Documents/work/testing/yii_restapi/index.php(13): CApplication->run()
#5 {main}
REQUEST_URI=/testing/yii_restapi/index.php/api/pengguna/1
---
2020/05/19 14:28:07 [error] [php] Undefined index: model (/home/rintik/Documents/work/testing/yii_restapi/protected/controllers/ApiController.php:67)
Stack trace:
#0 /home/rintik/Documents/work/testing/yii_api/framework/web/CController.php(286): ApiController->runAction()
#1 /home/rintik/Documents/work/testing/yii_api/framework/web/CController.php(265): ApiController->runActionWithFilters()
#2 /home/rintik/Documents/work/testing/yii_api/framework/web/CWebApplication.php(282): ApiController->run()
#3 /home/rintik/Documents/work/testing/yii_api/framework/web/CWebApplication.php(141): CWebApplication->runController()
#4 /home/rintik/Documents/work/testing/yii_api/framework/base/CApplication.php(185): CWebApplication->processRequest()
#5 /home/rintik/Documents/work/testing/yii_restapi/index.php(13): CWebApplication->run()
REQUEST_URI=/testing/yii_restapi/index.php/api/view/1
in /home/rintik/Documents/work/testing/yii_restapi/protected/controllers/ApiController.php (67)
in /home/rintik/Documents/work/testing/yii_restapi/index.php (13)
2020/05/19 14:28:36 [error] [php] Undefined index: model (/home/rintik/Documents/work/testing/yii_restapi/protected/controllers/ApiController.php:63)
Stack trace:
#0 /home/rintik/Documents/work/testing/yii_api/framework/web/CController.php(286): ApiController->runAction()
#1 /home/rintik/Documents/work/testing/yii_api/framework/web/CController.php(265): ApiController->runActionWithFilters()
#2 /home/rintik/Documents/work/testing/yii_api/framework/web/CWebApplication.php(282): ApiController->run()
#3 /home/rintik/Documents/work/testing/yii_api/framework/web/CWebApplication.php(141): CWebApplication->runController()
#4 /home/rintik/Documents/work/testing/yii_api/framework/base/CApplication.php(185): CWebApplication->processRequest()
#5 /home/rintik/Documents/work/testing/yii_restapi/index.php(13): CWebApplication->run()
REQUEST_URI=/testing/yii_restapi/index.php/api/view/pengguna/1
in /home/rintik/Documents/work/testing/yii_restapi/protected/controllers/ApiController.php (63)
in /home/rintik/Documents/work/testing/yii_restapi/index.php (13)
2020/05/19 14:29:49 [error] [exception.CHttpException.404] CHttpException: The system is unable to find the requested action "pengguna". in /home/rintik/Documents/work/testing/yii_api/framework/web/CController.php:486
Stack trace:
#0 /home/rintik/Documents/work/testing/yii_api/framework/web/CController.php(270): CController->missingAction('pengguna')
#1 /home/rintik/Documents/work/testing/yii_api/framework/web/CWebApplication.php(282): CController->run('pengguna')
#2 /home/rintik/Documents/work/testing/yii_api/framework/web/CWebApplication.php(141): CWebApplication->runController('api/pengguna')
#3 /home/rintik/Documents/work/testing/yii_api/framework/base/CApplication.php(185): CWebApplication->processRequest()
#4 /home/rintik/Documents/work/testing/yii_restapi/index.php(13): CApplication->run()
#5 {main}
REQUEST_URI=/testing/yii_restapi/index.php/api/pengguna/1
---
2020/05/19 14:29:56 [error] [php] Undefined index: model (/home/rintik/Documents/work/testing/yii_restapi/protected/controllers/ApiController.php:28)
Stack trace:
#0 /home/rintik/Documents/work/testing/yii_api/framework/web/CController.php(286): ApiController->runAction()
#1 /home/rintik/Documents/work/testing/yii_api/framework/web/CController.php(265): ApiController->runActionWithFilters()
#2 /home/rintik/Documents/work/testing/yii_api/framework/web/CWebApplication.php(282): ApiController->run()
#3 /home/rintik/Documents/work/testing/yii_api/framework/web/CWebApplication.php(141): CWebApplication->runController()
#4 /home/rintik/Documents/work/testing/yii_api/framework/base/CApplication.php(185): CWebApplication->processRequest()
#5 /home/rintik/Documents/work/testing/yii_restapi/index.php(13): CWebApplication->run()
REQUEST_URI=/testing/yii_restapi/index.php/api/list/1
in /home/rintik/Documents/work/testing/yii_restapi/protected/controllers/ApiController.php (28)
in /home/rintik/Documents/work/testing/yii_restapi/index.php (13)
2020/05/19 14:30:09 [error] [exception.CHttpException.404] CHttpException: The system is unable to find the requested action "pengguna". in /home/rintik/Documents/work/testing/yii_api/framework/web/CController.php:486
Stack trace:
#0 /home/rintik/Documents/work/testing/yii_api/framework/web/CController.php(270): CController->missingAction('pengguna')
#1 /home/rintik/Documents/work/testing/yii_api/framework/web/CWebApplication.php(282): CController->run('pengguna')
#2 /home/rintik/Documents/work/testing/yii_api/framework/web/CWebApplication.php(141): CWebApplication->runController('api/pengguna')
#3 /home/rintik/Documents/work/testing/yii_api/framework/base/CApplication.php(185): CWebApplication->processRequest()
#4 /home/rintik/Documents/work/testing/yii_restapi/index.php(13): CApplication->run()
#5 {main}
REQUEST_URI=/testing/yii_restapi/index.php/api/pengguna/1
---
